    1  passwd
    2  passwrd
    3  passwd
    4  wget https://github.com/
    5  cd ~/.ssh && ssh-keygen
    6  mkdir ~/.ssh
    7   cd ~/.ssh && ssh-keygen
    8  wget www.github.com
    9  git --version
   10  cd ~/Desktop
   11  mkdir Project
   12  cd Project/
   13  git init
   14  touch mnelson.txt
   15  mnelson$ ls
   16  mnelson.txt
   17  touch mnelson.txt
   18  ls
   19  git status
   20  git add
   21  git add .
   22  git status
   23  git commit -m "This is my first commit!"
   24  git config --global dylan.le@sjsu.edu
   25  git config user
   26  git config --global user.email
   27  git config --global user.email "dylan.le@sjsu.edu"
   28  git config --global user.name "Dylan Le"
   29  git commit -m "This is my first commit!"
   30  git branch
   31  my-new-branch
   32  git checkout -b <my-new-branch>
   33  git checkout -b my-new-branch
   34  git branch
   35  git remote add origin https://github.com/dylanlesjsu/newrepo.git
   36  git branch -M main
   37  git push -u origin main
   38  git remote add origin https://github.com/dylanlesjsu/newrepo.git
   39  git branch -M main
   40  git push -u origin main
   41  cd ~/.ssh && ssh-keygen
   42  git remote add origin https://github.com/dylanlesjsu/newrepo.git
   43  git branch -M main
   44  git push -u origin main
   45  git branch
   46  cat id_rsa.pub
   47  cd ~/.ssh && ssh-keygen
   48  ls
   49  rm *
   50  ls
   51  cd ~/.ssh && ssh-keygen
   52  ls
   53  cat id_rsa.pub
   54  ssh dylansp24@172.20.25.9
   55  cd myproject
   56  cd Project
   57  git branch
   58  git checkout -b my-new-branch
   59  git branch
   60  git remote add origin https://github.com/dylanlesjsu/newrepo.git
   61  git branch -M main
   62  git push -u origin main
   63  ls ~/.ssh
   64  git config
   65  git config -global
   66  git config --global user.email
   67  git config --global user.name
   68  git config --global user.name "dylanlesjsu"
   69  git remote add origin https://github.com/dylanlesjsu/newrepo.git
   70  git branch -M main
   71  git push -u origin main
   72  cat ~/.ssh/id_rsa.pub 
   73  cat ~/.gitconfig 
   74  ls -la
   75  ls .git
   76  ls .git/info/
   77  ls .git/config 
   78  cat .git/config
   79  vi .git/config
   80  git push -u origin main
   81  git push origin my-new-branch
   82  git branch
   83  git checkout -b my-new-branch
   84  git push origin my-new-branch
   85  git commit -m "for pull request"
   86  git push origin my-new-branch
   87  git commit "pull request"
   88  git commit -m "pull request"
   89  git branch
   90  ls
   91  git status
   92  cat test > abc.txt
   93  ls
   94  vi abc.txt 
   95  git add abc.txt 
   96  git commit -m "test" .
   97  git branch
   98  git push
   99  git push --set-upstream origin my-new-branch
  100  git branch main
  101  git branch
  102  git pull origin master
  103  git pull origin main
  104  git log
  105  ls
  106  cd ..
  107  ls
  108  history > cmds.log
  109  cat cmds.log 
  110  mkdir cs131
  111  cd cs131/
  112  mkdir worksheet1
  113  mv ../cmds.log worksheet1/
  114  git init
  115  git branch
  116  git add .
  117  git status
  118  git commit -m "Add worksheet1"
  119  git push
  120  git branch
  121  git remote add origin git@github.com:dylanlesjsu/cs131.git
  122  git branch -M main
  123  git branch
  124  git push -u origin main
  125  wget https://raw.githubusercontent.com/jyotikahp/DemoRepoForCS131/main/Global%20YouTube%20Statistics.csv
  126  grep "United States" "Global YouTube Statistics.csv" > US_Youtubers.txt
  127  grep "Music" "Global YouTube Statistics.csv" > Music_Category.txt
  128  wc -1 Music_Category.txt > counts.txt
  129  wc
  130  wget https://raw.githubusercontent.com/jyotikahp/DemoRepoForCS131/main/Global%20YouTube%20Statistics.csv
  131  grep "United States" "Global Youtube Statistics.csv" > US.Youtubers.txt
  132  grep "United States" "Global YouTube Statistics.csv" > US_Youtubers.txt
  133  grep "Music" "Global Youtube Statistics.csv" > Music_Category.txt
  134  wget https://raw.githubusercontent.com/jyotikahp/DemoRepoForCS131/main/Global%20YouTube%20Statistics.csv
  135  grep "United States" "Global YouTube Statistics.csv" > US_Youtubers.txt
  136  ls
  137  "Global YouTube Statistics.csv" > Music_Category.txt
  138  grep "Music" "Global YouTube Statistics.csv" > Music_Category.txt
  139  wc
  140  ls
  141  rm 'Global YouTube Statistics.csv.1' 'Global YouTube Statistics.csv' Music_Category.txt US_Youtubers.txt
  142  ls
  143  wget https://raw.githubusercontent.com/jyotikahp/DemoRepoForCS131/main/Global%20YouTube%20Statistics.csv
  144  grep "United States" "Global YouTube Statistics.csv" > US_Youtubers.txt
  145  grep "Music" "Global YouTube Statistics.csv" > Music_Category.txt
  146  wc -l Music_Category.txt > counts.txt
  147  wc -w Music_Category.txt >> counts.txt
  148  wc help
  149  wc Music_Category.txt
  150  vi counts.txt
  151  git remote add Worksheet2 https://github.com/dylanlesjsu/Worksheet2
  152  git remote add origin git@github.com:dylanlesjsu/Worksheet2.git
  153  git config user.name
  154  git init
  155  history > cmds.log
  156  cd
  157  ls
  158  vi cmds.log
  159  echo "" > cmds.log
  160  vi cmds.log
  161  ls
  162  rm 'Global YouTube Statistics.csv' Music_Category.txt US_Youtubers.txt counts.txt
  163  echo "" > cmds.log
  164  wget https://raw.githubusercontent.com/jyotikahp/DemoRepoForCS131/main/Global%20YouTube%20Statistics.csv
  165  grep "United States" "Global YouTube Statistics.csv" > US_Youtubers.txt
  166  grep "Music" "Global YouTube Statistics.csv" > Music_Category.txt
  167  wc -l Music_Category.txt > counts.txt
  168  wc -w Music_Category.txt >> counts.txt
  169  vi counts.txt
  170  history > cmds.log
  171  vi cmds.log
  172  mkdir Worksheet2
  173  mv counts.txt cmds.log Worksheet2/
  174  vi cmds.log
  175  ls
  176  cd ~/cs131
  177  mkdir Worksheet2
  178  mv counts.txt cmds.log Worksheet2
  179  wc -l Music_Category.txt > counts.txt
  180  ls
  181  wc -l Music_Category.txt > counts.txt
  182  ls
  183  wget https://raw.githubusercontent.com/jyotikahp/DemoRepoForCS131/main/Global%20YouTube%20Statistics.csv
  184  grep "United States" "Global YouTube Statistics.csv" > US_Youtubers.txt
  185  grep "Music" "Global YouTube Statistics.csv" > Music_Category.txt
  186  wc -l Music_Category.txt > counts.txt
  187  wc -w Music_Category.txt >> counts.txt
  188  vi counts.txt
  189  history > cmds.log
